107.03.02 03:32 B C:\Documents and Settings\Naveen\Desktop\dollarlinking\dollarlinking\admin\jscripts\tiny_mce\langs\ar.js <-- Greymine /public_html/dollarlinking/admin/jscripts/tiny_mce/langs ar.js
107.03.02 03:32 B C:\Documents and Settings\Naveen\Desktop\dollarlinking\dollarlinking\admin\jscripts\tiny_mce\langs\ca.js <-- Greymine /public_html/dollarlinking/admin/jscripts/tiny_mce/langs ca.js
107.03.02 03:32 B C:\Documents and Settings\Naveen\Desktop\dollarlinking\dollarlinking\admin\jscripts\tiny_mce\langs\cs.js <-- Greymine /public_html/dollarlinking/admin/jscripts/tiny_mce/langs cs.js
107.03.02 03:32 B C:\Documents and Settings\Naveen\Desktop\dollarlinking\dollarlinking\admin\jscripts\tiny_mce\langs\da.js <-- Greymine /public_html/dollarlinking/admin/jscripts/tiny_mce/langs da.js
107.03.02 03:32 B C:\Documents and Settings\Naveen\Desktop\dollarlinking\dollarlinking\admin\jscripts\tiny_mce\langs\de.js <-- Greymine /public_html/dollarlinking/admin/jscripts/tiny_mce/langs de.js
107.03.02 03:32 B C:\Documents and Settings\Naveen\Desktop\dollarlinking\dollarlinking\admin\jscripts\tiny_mce\langs\el.js <-- Greymine /public_html/dollarlinking/admin/jscripts/tiny_mce/langs el.js
107.03.02 03:32 B C:\Documents and Settings\Naveen\Desktop\dollarlinking\dollarlinking\admin\jscripts\tiny_mce\langs\en.js <-- Greymine /public_html/dollarlinking/admin/jscripts/tiny_mce/langs en.js
107.03.02 03:32 B C:\Documents and Settings\Naveen\Desktop\dollarlinking\dollarlinking\admin\jscripts\tiny_mce\langs\es.js <-- Greymine /public_html/dollarlinking/admin/jscripts/tiny_mce/langs es.js
107.03.02 03:33 B C:\Documents and Settings\Naveen\Desktop\dollarlinking\dollarlinking\admin\jscripts\tiny_mce\langs\fa.js <-- Greymine /public_html/dollarlinking/admin/jscripts/tiny_mce/langs fa.js
107.03.02 03:33 B C:\Documents and Settings\Naveen\Desktop\dollarlinking\dollarlinking\admin\jscripts\tiny_mce\langs\fi.js <-- Greymine /public_html/dollarlinking/admin/jscripts/tiny_mce/langs fi.js
107.03.02 03:33 B C:\Documents and Settings\Naveen\Desktop\dollarlinking\dollarlinking\admin\jscripts\tiny_mce\langs\fr.js <-- Greymine /public_html/dollarlinking/admin/jscripts/tiny_mce/langs fr.js
107.03.02 03:33 B C:\Documents and Settings\Naveen\Desktop\dollarlinking\dollarlinking\admin\jscripts\tiny_mce\langs\fr_ca.js <-- Greymine /public_html/dollarlinking/admin/jscripts/tiny_mce/langs fr_ca.js
107.03.02 03:33 B C:\Documents and Settings\Naveen\Desktop\dollarlinking\dollarlinking\admin\jscripts\tiny_mce\langs\hu.js <-- Greymine /public_html/dollarlinking/admin/jscripts/tiny_mce/langs hu.js
107.03.02 03:33 B C:\Documents and Settings\Naveen\Desktop\dollarlinking\dollarlinking\admin\jscripts\tiny_mce\langs\it.js <-- Greymine /public_html/dollarlinking/admin/jscripts/tiny_mce/langs it.js
107.03.02 03:33 B C:\Documents and Settings\Naveen\Desktop\dollarlinking\dollarlinking\admin\jscripts\tiny_mce\langs\ja.js <-- Greymine /public_html/dollarlinking/admin/jscripts/tiny_mce/langs ja.js
107.03.02 03:33 B C:\Documents and Settings\Naveen\Desktop\dollarlinking\dollarlinking\admin\jscripts\tiny_mce\langs\ko.js <-- Greymine /public_html/dollarlinking/admin/jscripts/tiny_mce/langs ko.js
107.03.02 03:33 B C:\Documents and Settings\Naveen\Desktop\dollarlinking\dollarlinking\admin\jscripts\tiny_mce\langs\nl.js <-- Greymine /public_html/dollarlinking/admin/jscripts/tiny_mce/langs nl.js
107.03.02 03:33 B C:\Documents and Settings\Naveen\Desktop\dollarlinking\dollarlinking\admin\jscripts\tiny_mce\langs\no.js <-- Greymine /public_html/dollarlinking/admin/jscripts/tiny_mce/langs no.js
107.03.02 03:33 B C:\Documents and Settings\Naveen\Desktop\dollarlinking\dollarlinking\admin\jscripts\tiny_mce\langs\pl.js <-- Greymine /public_html/dollarlinking/admin/jscripts/tiny_mce/langs pl.js
107.03.02 03:33 B C:\Documents and Settings\Naveen\Desktop\dollarlinking\dollarlinking\admin\jscripts\tiny_mce\langs\pt.js <-- Greymine /public_html/dollarlinking/admin/jscripts/tiny_mce/langs pt.js
107.03.02 03:33 B C:\Documents and Settings\Naveen\Desktop\dollarlinking\dollarlinking\admin\jscripts\tiny_mce\langs\pt_br.js <-- Greymine /public_html/dollarlinking/admin/jscripts/tiny_mce/langs pt_br.js
107.03.02 03:33 B C:\Documents and Settings\Naveen\Desktop\dollarlinking\dollarlinking\admin\jscripts\tiny_mce\langs\readme.txt <-- Greymine /public_html/dollarlinking/admin/jscripts/tiny_mce/langs readme.txt
107.03.02 03:33 B C:\Documents and Settings\Naveen\Desktop\dollarlinking\dollarlinking\admin\jscripts\tiny_mce\langs\ru.js <-- Greymine /public_html/dollarlinking/admin/jscripts/tiny_mce/langs ru.js
107.03.02 03:33 B C:\Documents and Settings\Naveen\Desktop\dollarlinking\dollarlinking\admin\jscripts\tiny_mce\langs\sv.js <-- Greymine /public_html/dollarlinking/admin/jscripts/tiny_mce/langs sv.js
107.03.02 03:33 B C:\Documents and Settings\Naveen\Desktop\dollarlinking\dollarlinking\admin\jscripts\tiny_mce\langs\th.js <-- Greymine /public_html/dollarlinking/admin/jscripts/tiny_mce/langs th.js
107.03.02 03:33 B C:\Documents and Settings\Naveen\Desktop\dollarlinking\dollarlinking\admin\jscripts\tiny_mce\langs\zh_cn.js <-- Greymine /public_html/dollarlinking/admin/jscripts/tiny_mce/langs zh_cn.js
