107.03.02 03:54 B C:\Documents and Settings\Naveen\Desktop\dollarlinking\dollarlinking\admin\jscripts\tiny_mce\themes\advanced\images\anchor.gif <-- Greymine /public_html/dollarlinking/admin/jscripts/tiny_mce/themes/advanced/images anchor.gif
107.03.02 03:54 B C:\Documents and Settings\Naveen\Desktop\dollarlinking\dollarlinking\admin\jscripts\tiny_mce\themes\advanced\images\backcolor.gif <-- Greymine /public_html/dollarlinking/admin/jscripts/tiny_mce/themes/advanced/images backcolor.gif
107.03.02 03:54 B C:\Documents and Settings\Naveen\Desktop\dollarlinking\dollarlinking\admin\jscripts\tiny_mce\themes\advanced\images\bold.gif <-- Greymine /public_html/dollarlinking/admin/jscripts/tiny_mce/themes/advanced/images bold.gif
107.03.02 03:54 B C:\Documents and Settings\Naveen\Desktop\dollarlinking\dollarlinking\admin\jscripts\tiny_mce\themes\advanced\images\bold_de_se.gif <-- Greymine /public_html/dollarlinking/admin/jscripts/tiny_mce/themes/advanced/images bold_de_se.gif
107.03.02 03:54 B C:\Documents and Settings\Naveen\Desktop\dollarlinking\dollarlinking\admin\jscripts\tiny_mce\themes\advanced\images\bold_fr.gif <-- Greymine /public_html/dollarlinking/admin/jscripts/tiny_mce/themes/advanced/images bold_fr.gif
107.03.02 03:54 B C:\Documents and Settings\Naveen\Desktop\dollarlinking\dollarlinking\admin\jscripts\tiny_mce\themes\advanced\images\bold_ru.gif <-- Greymine /public_html/dollarlinking/admin/jscripts/tiny_mce/themes/advanced/images bold_ru.gif
107.03.02 03:54 B C:\Documents and Settings\Naveen\Desktop\dollarlinking\dollarlinking\admin\jscripts\tiny_mce\themes\advanced\images\browse.gif <-- Greymine /public_html/dollarlinking/admin/jscripts/tiny_mce/themes/advanced/images browse.gif
107.03.02 03:54 B C:\Documents and Settings\Naveen\Desktop\dollarlinking\dollarlinking\admin\jscripts\tiny_mce\themes\advanced\images\bullist.gif <-- Greymine /public_html/dollarlinking/admin/jscripts/tiny_mce/themes/advanced/images bullist.gif
107.03.02 03:54 B C:\Documents and Settings\Naveen\Desktop\dollarlinking\dollarlinking\admin\jscripts\tiny_mce\themes\advanced\images\buttons.gif <-- Greymine /public_html/dollarlinking/admin/jscripts/tiny_mce/themes/advanced/images buttons.gif
107.03.02 03:54 B C:\Documents and Settings\Naveen\Desktop\dollarlinking\dollarlinking\admin\jscripts\tiny_mce\themes\advanced\images\center.gif <-- Greymine /public_html/dollarlinking/admin/jscripts/tiny_mce/themes/advanced/images center.gif
107.03.02 03:54 B C:\Documents and Settings\Naveen\Desktop\dollarlinking\dollarlinking\admin\jscripts\tiny_mce\themes\advanced\images\charmap.gif <-- Greymine /public_html/dollarlinking/admin/jscripts/tiny_mce/themes/advanced/images charmap.gif
107.03.02 03:54 B C:\Documents and Settings\Naveen\Desktop\dollarlinking\dollarlinking\admin\jscripts\tiny_mce\themes\advanced\images\cleanup.gif <-- Greymine /public_html/dollarlinking/admin/jscripts/tiny_mce/themes/advanced/images cleanup.gif
107.03.02 03:54 B C:\Documents and Settings\Naveen\Desktop\dollarlinking\dollarlinking\admin\jscripts\tiny_mce\themes\advanced\images\close.gif <-- Greymine /public_html/dollarlinking/admin/jscripts/tiny_mce/themes/advanced/images close.gif
107.03.02 03:54 B C:\Documents and Settings\Naveen\Desktop\dollarlinking\dollarlinking\admin\jscripts\tiny_mce\themes\advanced\images\code.gif <-- Greymine /public_html/dollarlinking/admin/jscripts/tiny_mce/themes/advanced/images code.gif
107.03.02 03:54 B C:\Documents and Settings\Naveen\Desktop\dollarlinking\dollarlinking\admin\jscripts\tiny_mce\themes\advanced\images\copy.gif <-- Greymine /public_html/dollarlinking/admin/jscripts/tiny_mce/themes/advanced/images copy.gif
107.03.02 03:54 B C:\Documents and Settings\Naveen\Desktop\dollarlinking\dollarlinking\admin\jscripts\tiny_mce\themes\advanced\images\custom_1.gif <-- Greymine /public_html/dollarlinking/admin/jscripts/tiny_mce/themes/advanced/images custom_1.gif
107.03.02 03:54 B C:\Documents and Settings\Naveen\Desktop\dollarlinking\dollarlinking\admin\jscripts\tiny_mce\themes\advanced\images\cut.gif <-- Greymine /public_html/dollarlinking/admin/jscripts/tiny_mce/themes/advanced/images cut.gif
107.03.02 03:54 B C:\Documents and Settings\Naveen\Desktop\dollarlinking\dollarlinking\admin\jscripts\tiny_mce\themes\advanced\images\forecolor.gif <-- Greymine /public_html/dollarlinking/admin/jscripts/tiny_mce/themes/advanced/images forecolor.gif
107.03.02 03:54 B C:\Documents and Settings\Naveen\Desktop\dollarlinking\dollarlinking\admin\jscripts\tiny_mce\themes\advanced\images\full.gif <-- Greymine /public_html/dollarlinking/admin/jscripts/tiny_mce/themes/advanced/images full.gif
107.03.02 03:54 B C:\Documents and Settings\Naveen\Desktop\dollarlinking\dollarlinking\admin\jscripts\tiny_mce\themes\advanced\images\help.gif <-- Greymine /public_html/dollarlinking/admin/jscripts/tiny_mce/themes/advanced/images help.gif
107.03.02 03:54 B C:\Documents and Settings\Naveen\Desktop\dollarlinking\dollarlinking\admin\jscripts\tiny_mce\themes\advanced\images\hr.gif <-- Greymine /public_html/dollarlinking/admin/jscripts/tiny_mce/themes/advanced/images hr.gif
107.03.02 03:54 B C:\Documents and Settings\Naveen\Desktop\dollarlinking\dollarlinking\admin\jscripts\tiny_mce\themes\advanced\images\image.gif <-- Greymine /public_html/dollarlinking/admin/jscripts/tiny_mce/themes/advanced/images image.gif
107.03.02 03:54 B C:\Documents and Settings\Naveen\Desktop\dollarlinking\dollarlinking\admin\jscripts\tiny_mce\themes\advanced\images\indent.gif <-- Greymine /public_html/dollarlinking/admin/jscripts/tiny_mce/themes/advanced/images indent.gif
107.03.02 03:54 B C:\Documents and Settings\Naveen\Desktop\dollarlinking\dollarlinking\admin\jscripts\tiny_mce\themes\advanced\images\italic.gif <-- Greymine /public_html/dollarlinking/admin/jscripts/tiny_mce/themes/advanced/images italic.gif
107.03.02 03:54 B C:\Documents and Settings\Naveen\Desktop\dollarlinking\dollarlinking\admin\jscripts\tiny_mce\themes\advanced\images\italic_de_se.gif <-- Greymine /public_html/dollarlinking/admin/jscripts/tiny_mce/themes/advanced/images italic_de_se.gif
107.03.02 03:54 B C:\Documents and Settings\Naveen\Desktop\dollarlinking\dollarlinking\admin\jscripts\tiny_mce\themes\advanced\images\italic_ru.gif <-- Greymine /public_html/dollarlinking/admin/jscripts/tiny_mce/themes/advanced/images italic_ru.gif
107.03.02 03:54 B C:\Documents and Settings\Naveen\Desktop\dollarlinking\dollarlinking\admin\jscripts\tiny_mce\themes\advanced\images\left.gif <-- Greymine /public_html/dollarlinking/admin/jscripts/tiny_mce/themes/advanced/images left.gif
107.03.02 03:54 B C:\Documents and Settings\Naveen\Desktop\dollarlinking\dollarlinking\admin\jscripts\tiny_mce\themes\advanced\images\link.gif <-- Greymine /public_html/dollarlinking/admin/jscripts/tiny_mce/themes/advanced/images link.gif
107.03.02 03:54 B C:\Documents and Settings\Naveen\Desktop\dollarlinking\dollarlinking\admin\jscripts\tiny_mce\themes\advanced\images\newdocument.gif <-- Greymine /public_html/dollarlinking/admin/jscripts/tiny_mce/themes/advanced/images newdocument.gif
107.03.02 03:54 B C:\Documents and Settings\Naveen\Desktop\dollarlinking\dollarlinking\admin\jscripts\tiny_mce\themes\advanced\images\numlist.gif <-- Greymine /public_html/dollarlinking/admin/jscripts/tiny_mce/themes/advanced/images numlist.gif
107.03.02 03:54 B C:\Documents and Settings\Naveen\Desktop\dollarlinking\dollarlinking\admin\jscripts\tiny_mce\themes\advanced\images\outdent.gif <-- Greymine /public_html/dollarlinking/admin/jscripts/tiny_mce/themes/advanced/images outdent.gif
107.03.02 03:54 B C:\Documents and Settings\Naveen\Desktop\dollarlinking\dollarlinking\admin\jscripts\tiny_mce\themes\advanced\images\paste.gif <-- Greymine /public_html/dollarlinking/admin/jscripts/tiny_mce/themes/advanced/images paste.gif
107.03.02 03:54 B C:\Documents and Settings\Naveen\Desktop\dollarlinking\dollarlinking\admin\jscripts\tiny_mce\themes\advanced\images\redo.gif <-- Greymine /public_html/dollarlinking/admin/jscripts/tiny_mce/themes/advanced/images redo.gif
107.03.02 03:54 B C:\Documents and Settings\Naveen\Desktop\dollarlinking\dollarlinking\admin\jscripts\tiny_mce\themes\advanced\images\removeformat.gif <-- Greymine /public_html/dollarlinking/admin/jscripts/tiny_mce/themes/advanced/images removeformat.gif
107.03.02 03:54 B C:\Documents and Settings\Naveen\Desktop\dollarlinking\dollarlinking\admin\jscripts\tiny_mce\themes\advanced\images\right.gif <-- Greymine /public_html/dollarlinking/admin/jscripts/tiny_mce/themes/advanced/images right.gif
107.03.02 03:54 B C:\Documents and Settings\Naveen\Desktop\dollarlinking\dollarlinking\admin\jscripts\tiny_mce\themes\advanced\images\spacer.gif <-- Greymine /public_html/dollarlinking/admin/jscripts/tiny_mce/themes/advanced/images spacer.gif
107.03.02 03:54 B C:\Documents and Settings\Naveen\Desktop\dollarlinking\dollarlinking\admin\jscripts\tiny_mce\themes\advanced\images\strikethrough.gif <-- Greymine /public_html/dollarlinking/admin/jscripts/tiny_mce/themes/advanced/images strikethrough.gif
107.03.02 03:54 B C:\Documents and Settings\Naveen\Desktop\dollarlinking\dollarlinking\admin\jscripts\tiny_mce\themes\advanced\images\sub.gif <-- Greymine /public_html/dollarlinking/admin/jscripts/tiny_mce/themes/advanced/images sub.gif
107.03.02 03:54 B C:\Documents and Settings\Naveen\Desktop\dollarlinking\dollarlinking\admin\jscripts\tiny_mce\themes\advanced\images\sup.gif <-- Greymine /public_html/dollarlinking/admin/jscripts/tiny_mce/themes/advanced/images sup.gif
107.03.02 03:54 B C:\Documents and Settings\Naveen\Desktop\dollarlinking\dollarlinking\admin\jscripts\tiny_mce\themes\advanced\images\table.gif <-- Greymine /public_html/dollarlinking/admin/jscripts/tiny_mce/themes/advanced/images table.gif
107.03.02 03:55 B C:\Documents and Settings\Naveen\Desktop\dollarlinking\dollarlinking\admin\jscripts\tiny_mce\themes\advanced\images\table_delete_col.gif <-- Greymine /public_html/dollarlinking/admin/jscripts/tiny_mce/themes/advanced/images table_delete_col.gif
107.03.02 03:55 B C:\Documents and Settings\Naveen\Desktop\dollarlinking\dollarlinking\admin\jscripts\tiny_mce\themes\advanced\images\table_delete_row.gif <-- Greymine /public_html/dollarlinking/admin/jscripts/tiny_mce/themes/advanced/images table_delete_row.gif
107.03.02 03:55 B C:\Documents and Settings\Naveen\Desktop\dollarlinking\dollarlinking\admin\jscripts\tiny_mce\themes\advanced\images\table_insert_col_after.gif <-- Greymine /public_html/dollarlinking/admin/jscripts/tiny_mce/themes/advanced/images table_insert_col_after.gif
107.03.02 03:55 B C:\Documents and Settings\Naveen\Desktop\dollarlinking\dollarlinking\admin\jscripts\tiny_mce\themes\advanced\images\table_insert_col_before.gif <-- Greymine /public_html/dollarlinking/admin/jscripts/tiny_mce/themes/advanced/images table_insert_col_before.gif
107.03.02 03:55 B C:\Documents and Settings\Naveen\Desktop\dollarlinking\dollarlinking\admin\jscripts\tiny_mce\themes\advanced\images\table_insert_row_after.gif <-- Greymine /public_html/dollarlinking/admin/jscripts/tiny_mce/themes/advanced/images table_insert_row_after.gif
107.03.02 03:55 B C:\Documents and Settings\Naveen\Desktop\dollarlinking\dollarlinking\admin\jscripts\tiny_mce\themes\advanced\images\table_insert_row_before.gif <-- Greymine /public_html/dollarlinking/admin/jscripts/tiny_mce/themes/advanced/images table_insert_row_before.gif
107.03.02 03:55 B C:\Documents and Settings\Naveen\Desktop\dollarlinking\dollarlinking\admin\jscripts\tiny_mce\themes\advanced\images\Thumbs.db <-- Greymine /public_html/dollarlinking/admin/jscripts/tiny_mce/themes/advanced/images Thumbs.db
107.03.02 03:55 B C:\Documents and Settings\Naveen\Desktop\dollarlinking\dollarlinking\admin\jscripts\tiny_mce\themes\advanced\images\underline.gif <-- Greymine /public_html/dollarlinking/admin/jscripts/tiny_mce/themes/advanced/images underline.gif
107.03.02 03:55 B C:\Documents and Settings\Naveen\Desktop\dollarlinking\dollarlinking\admin\jscripts\tiny_mce\themes\advanced\images\underline_fr.gif <-- Greymine /public_html/dollarlinking/admin/jscripts/tiny_mce/themes/advanced/images underline_fr.gif
107.03.02 03:55 B C:\Documents and Settings\Naveen\Desktop\dollarlinking\dollarlinking\admin\jscripts\tiny_mce\themes\advanced\images\underline_ru.gif <-- Greymine /public_html/dollarlinking/admin/jscripts/tiny_mce/themes/advanced/images underline_ru.gif
107.03.02 03:55 B C:\Documents and Settings\Naveen\Desktop\dollarlinking\dollarlinking\admin\jscripts\tiny_mce\themes\advanced\images\undo.gif <-- Greymine /public_html/dollarlinking/admin/jscripts/tiny_mce/themes/advanced/images undo.gif
107.03.02 03:55 B C:\Documents and Settings\Naveen\Desktop\dollarlinking\dollarlinking\admin\jscripts\tiny_mce\themes\advanced\images\unlink.gif <-- Greymine /public_html/dollarlinking/admin/jscripts/tiny_mce/themes/advanced/images unlink.gif
107.03.02 03:55 B C:\Documents and Settings\Naveen\Desktop\dollarlinking\dollarlinking\admin\jscripts\tiny_mce\themes\advanced\images\visualaid.gif <-- Greymine /public_html/dollarlinking/admin/jscripts/tiny_mce/themes/advanced/images visualaid.gif
