107.03.02 03:55 B C:\Documents and Settings\Naveen\Desktop\dollarlinking\dollarlinking\admin\jscripts\tiny_mce\themes\advanced\langs\ar.js <-- Greymine /public_html/dollarlinking/admin/jscripts/tiny_mce/themes/advanced/langs ar.js
107.03.02 03:55 B C:\Documents and Settings\Naveen\Desktop\dollarlinking\dollarlinking\admin\jscripts\tiny_mce\themes\advanced\langs\ca.js <-- Greymine /public_html/dollarlinking/admin/jscripts/tiny_mce/themes/advanced/langs ca.js
107.03.02 03:55 B C:\Documents and Settings\Naveen\Desktop\dollarlinking\dollarlinking\admin\jscripts\tiny_mce\themes\advanced\langs\cs.js <-- Greymine /public_html/dollarlinking/admin/jscripts/tiny_mce/themes/advanced/langs cs.js
107.03.02 03:55 B C:\Documents and Settings\Naveen\Desktop\dollarlinking\dollarlinking\admin\jscripts\tiny_mce\themes\advanced\langs\da.js <-- Greymine /public_html/dollarlinking/admin/jscripts/tiny_mce/themes/advanced/langs da.js
107.03.02 03:55 B C:\Documents and Settings\Naveen\Desktop\dollarlinking\dollarlinking\admin\jscripts\tiny_mce\themes\advanced\langs\de.js <-- Greymine /public_html/dollarlinking/admin/jscripts/tiny_mce/themes/advanced/langs de.js
107.03.02 03:55 B C:\Documents and Settings\Naveen\Desktop\dollarlinking\dollarlinking\admin\jscripts\tiny_mce\themes\advanced\langs\el.js <-- Greymine /public_html/dollarlinking/admin/jscripts/tiny_mce/themes/advanced/langs el.js
107.03.02 03:55 B C:\Documents and Settings\Naveen\Desktop\dollarlinking\dollarlinking\admin\jscripts\tiny_mce\themes\advanced\langs\en.js <-- Greymine /public_html/dollarlinking/admin/jscripts/tiny_mce/themes/advanced/langs en.js
107.03.02 03:55 B C:\Documents and Settings\Naveen\Desktop\dollarlinking\dollarlinking\admin\jscripts\tiny_mce\themes\advanced\langs\en.js.bak <-- Greymine /public_html/dollarlinking/admin/jscripts/tiny_mce/themes/advanced/langs en.js.bak
107.03.02 03:55 B C:\Documents and Settings\Naveen\Desktop\dollarlinking\dollarlinking\admin\jscripts\tiny_mce\themes\advanced\langs\es.js <-- Greymine /public_html/dollarlinking/admin/jscripts/tiny_mce/themes/advanced/langs es.js
107.03.02 03:55 B C:\Documents and Settings\Naveen\Desktop\dollarlinking\dollarlinking\admin\jscripts\tiny_mce\themes\advanced\langs\fa.js <-- Greymine /public_html/dollarlinking/admin/jscripts/tiny_mce/themes/advanced/langs fa.js
107.03.02 03:55 B C:\Documents and Settings\Naveen\Desktop\dollarlinking\dollarlinking\admin\jscripts\tiny_mce\themes\advanced\langs\fi.js <-- Greymine /public_html/dollarlinking/admin/jscripts/tiny_mce/themes/advanced/langs fi.js
107.03.02 03:55 B C:\Documents and Settings\Naveen\Desktop\dollarlinking\dollarlinking\admin\jscripts\tiny_mce\themes\advanced\langs\fr.js <-- Greymine /public_html/dollarlinking/admin/jscripts/tiny_mce/themes/advanced/langs fr.js
107.03.02 03:56 B C:\Documents and Settings\Naveen\Desktop\dollarlinking\dollarlinking\admin\jscripts\tiny_mce\themes\advanced\langs\fr_ca.js <-- Greymine /public_html/dollarlinking/admin/jscripts/tiny_mce/themes/advanced/langs fr_ca.js
107.03.02 03:56 B C:\Documents and Settings\Naveen\Desktop\dollarlinking\dollarlinking\admin\jscripts\tiny_mce\themes\advanced\langs\hu.js <-- Greymine /public_html/dollarlinking/admin/jscripts/tiny_mce/themes/advanced/langs hu.js
107.03.02 03:56 B C:\Documents and Settings\Naveen\Desktop\dollarlinking\dollarlinking\admin\jscripts\tiny_mce\themes\advanced\langs\it.js <-- Greymine /public_html/dollarlinking/admin/jscripts/tiny_mce/themes/advanced/langs it.js
107.03.02 03:56 B C:\Documents and Settings\Naveen\Desktop\dollarlinking\dollarlinking\admin\jscripts\tiny_mce\themes\advanced\langs\ja.js <-- Greymine /public_html/dollarlinking/admin/jscripts/tiny_mce/themes/advanced/langs ja.js
107.03.02 03:56 B C:\Documents and Settings\Naveen\Desktop\dollarlinking\dollarlinking\admin\jscripts\tiny_mce\themes\advanced\langs\ko.js <-- Greymine /public_html/dollarlinking/admin/jscripts/tiny_mce/themes/advanced/langs ko.js
107.03.02 03:56 B C:\Documents and Settings\Naveen\Desktop\dollarlinking\dollarlinking\admin\jscripts\tiny_mce\themes\advanced\langs\nl.js <-- Greymine /public_html/dollarlinking/admin/jscripts/tiny_mce/themes/advanced/langs nl.js
107.03.02 03:56 B C:\Documents and Settings\Naveen\Desktop\dollarlinking\dollarlinking\admin\jscripts\tiny_mce\themes\advanced\langs\no.js <-- Greymine /public_html/dollarlinking/admin/jscripts/tiny_mce/themes/advanced/langs no.js
107.03.02 03:56 B C:\Documents and Settings\Naveen\Desktop\dollarlinking\dollarlinking\admin\jscripts\tiny_mce\themes\advanced\langs\pl.js <-- Greymine /public_html/dollarlinking/admin/jscripts/tiny_mce/themes/advanced/langs pl.js
107.03.02 03:56 B C:\Documents and Settings\Naveen\Desktop\dollarlinking\dollarlinking\admin\jscripts\tiny_mce\themes\advanced\langs\pt.js <-- Greymine /public_html/dollarlinking/admin/jscripts/tiny_mce/themes/advanced/langs pt.js
107.03.02 03:56 B C:\Documents and Settings\Naveen\Desktop\dollarlinking\dollarlinking\admin\jscripts\tiny_mce\themes\advanced\langs\pt_br.js <-- Greymine /public_html/dollarlinking/admin/jscripts/tiny_mce/themes/advanced/langs pt_br.js
107.03.02 03:56 B C:\Documents and Settings\Naveen\Desktop\dollarlinking\dollarlinking\admin\jscripts\tiny_mce\themes\advanced\langs\readme.txt <-- Greymine /public_html/dollarlinking/admin/jscripts/tiny_mce/themes/advanced/langs readme.txt
107.03.02 03:56 B C:\Documents and Settings\Naveen\Desktop\dollarlinking\dollarlinking\admin\jscripts\tiny_mce\themes\advanced\langs\sv.js <-- Greymine /public_html/dollarlinking/admin/jscripts/tiny_mce/themes/advanced/langs sv.js
107.03.02 03:56 B C:\Documents and Settings\Naveen\Desktop\dollarlinking\dollarlinking\admin\jscripts\tiny_mce\themes\advanced\langs\tw.js <-- Greymine /public_html/dollarlinking/admin/jscripts/tiny_mce/themes/advanced/langs tw.js
107.03.02 03:56 B C:\Documents and Settings\Naveen\Desktop\dollarlinking\dollarlinking\admin\jscripts\tiny_mce\themes\advanced\langs\zh_cn.js <-- Greymine /public_html/dollarlinking/admin/jscripts/tiny_mce/themes/advanced/langs zh_cn.js
