107.03.02 03:44 B C:\Documents and Settings\Naveen\Desktop\dollarlinking\dollarlinking\admin\jscripts\tiny_mce\plugins\table\langs\ar.js <-- Greymine /public_html/dollarlinking/admin/jscripts/tiny_mce/plugins/table/langs ar.js
107.03.02 03:44 B C:\Documents and Settings\Naveen\Desktop\dollarlinking\dollarlinking\admin\jscripts\tiny_mce\plugins\table\langs\cs.js <-- Greymine /public_html/dollarlinking/admin/jscripts/tiny_mce/plugins/table/langs cs.js
107.03.02 03:44 B C:\Documents and Settings\Naveen\Desktop\dollarlinking\dollarlinking\admin\jscripts\tiny_mce\plugins\table\langs\da.js <-- Greymine /public_html/dollarlinking/admin/jscripts/tiny_mce/plugins/table/langs da.js
107.03.02 03:44 B C:\Documents and Settings\Naveen\Desktop\dollarlinking\dollarlinking\admin\jscripts\tiny_mce\plugins\table\langs\de.js <-- Greymine /public_html/dollarlinking/admin/jscripts/tiny_mce/plugins/table/langs de.js
107.03.02 03:44 B C:\Documents and Settings\Naveen\Desktop\dollarlinking\dollarlinking\admin\jscripts\tiny_mce\plugins\table\langs\el.js <-- Greymine /public_html/dollarlinking/admin/jscripts/tiny_mce/plugins/table/langs el.js
107.03.02 03:44 B C:\Documents and Settings\Naveen\Desktop\dollarlinking\dollarlinking\admin\jscripts\tiny_mce\plugins\table\langs\en.js <-- Greymine /public_html/dollarlinking/admin/jscripts/tiny_mce/plugins/table/langs en.js
107.03.02 03:45 B C:\Documents and Settings\Naveen\Desktop\dollarlinking\dollarlinking\admin\jscripts\tiny_mce\plugins\table\langs\es.js <-- Greymine /public_html/dollarlinking/admin/jscripts/tiny_mce/plugins/table/langs es.js
107.03.02 03:45 B C:\Documents and Settings\Naveen\Desktop\dollarlinking\dollarlinking\admin\jscripts\tiny_mce\plugins\table\langs\fa.js <-- Greymine /public_html/dollarlinking/admin/jscripts/tiny_mce/plugins/table/langs fa.js
107.03.02 03:45 B C:\Documents and Settings\Naveen\Desktop\dollarlinking\dollarlinking\admin\jscripts\tiny_mce\plugins\table\langs\fi.js <-- Greymine /public_html/dollarlinking/admin/jscripts/tiny_mce/plugins/table/langs fi.js
107.03.02 03:45 B C:\Documents and Settings\Naveen\Desktop\dollarlinking\dollarlinking\admin\jscripts\tiny_mce\plugins\table\langs\fr.js <-- Greymine /public_html/dollarlinking/admin/jscripts/tiny_mce/plugins/table/langs fr.js
107.03.02 03:45 B C:\Documents and Settings\Naveen\Desktop\dollarlinking\dollarlinking\admin\jscripts\tiny_mce\plugins\table\langs\fr_ca.js <-- Greymine /public_html/dollarlinking/admin/jscripts/tiny_mce/plugins/table/langs fr_ca.js
107.03.02 03:45 B C:\Documents and Settings\Naveen\Desktop\dollarlinking\dollarlinking\admin\jscripts\tiny_mce\plugins\table\langs\hu.js <-- Greymine /public_html/dollarlinking/admin/jscripts/tiny_mce/plugins/table/langs hu.js
107.03.02 03:45 B C:\Documents and Settings\Naveen\Desktop\dollarlinking\dollarlinking\admin\jscripts\tiny_mce\plugins\table\langs\it.js <-- Greymine /public_html/dollarlinking/admin/jscripts/tiny_mce/plugins/table/langs it.js
107.03.02 03:45 B C:\Documents and Settings\Naveen\Desktop\dollarlinking\dollarlinking\admin\jscripts\tiny_mce\plugins\table\langs\ja.js <-- Greymine /public_html/dollarlinking/admin/jscripts/tiny_mce/plugins/table/langs ja.js
107.03.02 03:45 B C:\Documents and Settings\Naveen\Desktop\dollarlinking\dollarlinking\admin\jscripts\tiny_mce\plugins\table\langs\ko.js <-- Greymine /public_html/dollarlinking/admin/jscripts/tiny_mce/plugins/table/langs ko.js
107.03.02 03:45 B C:\Documents and Settings\Naveen\Desktop\dollarlinking\dollarlinking\admin\jscripts\tiny_mce\plugins\table\langs\nl.js <-- Greymine /public_html/dollarlinking/admin/jscripts/tiny_mce/plugins/table/langs nl.js
107.03.02 03:45 B C:\Documents and Settings\Naveen\Desktop\dollarlinking\dollarlinking\admin\jscripts\tiny_mce\plugins\table\langs\no.js <-- Greymine /public_html/dollarlinking/admin/jscripts/tiny_mce/plugins/table/langs no.js
107.03.02 03:45 B C:\Documents and Settings\Naveen\Desktop\dollarlinking\dollarlinking\admin\jscripts\tiny_mce\plugins\table\langs\pl.js <-- Greymine /public_html/dollarlinking/admin/jscripts/tiny_mce/plugins/table/langs pl.js
107.03.02 03:45 B C:\Documents and Settings\Naveen\Desktop\dollarlinking\dollarlinking\admin\jscripts\tiny_mce\plugins\table\langs\pt.js <-- Greymine /public_html/dollarlinking/admin/jscripts/tiny_mce/plugins/table/langs pt.js
107.03.02 03:45 B C:\Documents and Settings\Naveen\Desktop\dollarlinking\dollarlinking\admin\jscripts\tiny_mce\plugins\table\langs\readme.txt <-- Greymine /public_html/dollarlinking/admin/jscripts/tiny_mce/plugins/table/langs readme.txt
107.03.02 03:45 B C:\Documents and Settings\Naveen\Desktop\dollarlinking\dollarlinking\admin\jscripts\tiny_mce\plugins\table\langs\sv.js <-- Greymine /public_html/dollarlinking/admin/jscripts/tiny_mce/plugins/table/langs sv.js
107.03.02 03:45 B C:\Documents and Settings\Naveen\Desktop\dollarlinking\dollarlinking\admin\jscripts\tiny_mce\plugins\table\langs\tw.js <-- Greymine /public_html/dollarlinking/admin/jscripts/tiny_mce/plugins/table/langs tw.js
107.03.02 03:45 B C:\Documents and Settings\Naveen\Desktop\dollarlinking\dollarlinking\admin\jscripts\tiny_mce\plugins\table\langs\zh_cn.js <-- Greymine /public_html/dollarlinking/admin/jscripts/tiny_mce/plugins/table/langs zh_cn.js
