107.03.02 04:02 B C:\Documents and Settings\Naveen\Desktop\dollarlinking\dollarlinking\admin\jscripts\tiny_mce\themes\default\images\bold.gif <-- Greymine /public_html/dollarlinking/admin/jscripts/tiny_mce/themes/default/images bold.gif
107.03.02 04:02 B C:\Documents and Settings\Naveen\Desktop\dollarlinking\dollarlinking\admin\jscripts\tiny_mce\themes\default\images\bold_de_se.gif <-- Greymine /public_html/dollarlinking/admin/jscripts/tiny_mce/themes/default/images bold_de_se.gif
107.03.02 04:02 B C:\Documents and Settings\Naveen\Desktop\dollarlinking\dollarlinking\admin\jscripts\tiny_mce\themes\default\images\bold_fr.gif <-- Greymine /public_html/dollarlinking/admin/jscripts/tiny_mce/themes/default/images bold_fr.gif
107.03.02 04:02 B C:\Documents and Settings\Naveen\Desktop\dollarlinking\dollarlinking\admin\jscripts\tiny_mce\themes\default\images\bold_ru.gif <-- Greymine /public_html/dollarlinking/admin/jscripts/tiny_mce/themes/default/images bold_ru.gif
107.03.02 04:02 B C:\Documents and Settings\Naveen\Desktop\dollarlinking\dollarlinking\admin\jscripts\tiny_mce\themes\default\images\bullist.gif <-- Greymine /public_html/dollarlinking/admin/jscripts/tiny_mce/themes/default/images bullist.gif
107.03.02 04:02 B C:\Documents and Settings\Naveen\Desktop\dollarlinking\dollarlinking\admin\jscripts\tiny_mce\themes\default\images\center.gif <-- Greymine /public_html/dollarlinking/admin/jscripts/tiny_mce/themes/default/images center.gif
107.03.02 04:02 B C:\Documents and Settings\Naveen\Desktop\dollarlinking\dollarlinking\admin\jscripts\tiny_mce\themes\default\images\cleanup.gif <-- Greymine /public_html/dollarlinking/admin/jscripts/tiny_mce/themes/default/images cleanup.gif
107.03.02 04:02 B C:\Documents and Settings\Naveen\Desktop\dollarlinking\dollarlinking\admin\jscripts\tiny_mce\themes\default\images\copy.gif <-- Greymine /public_html/dollarlinking/admin/jscripts/tiny_mce/themes/default/images copy.gif
107.03.02 04:02 B C:\Documents and Settings\Naveen\Desktop\dollarlinking\dollarlinking\admin\jscripts\tiny_mce\themes\default\images\cut.gif <-- Greymine /public_html/dollarlinking/admin/jscripts/tiny_mce/themes/default/images cut.gif
107.03.02 04:02 B C:\Documents and Settings\Naveen\Desktop\dollarlinking\dollarlinking\admin\jscripts\tiny_mce\themes\default\images\full.gif <-- Greymine /public_html/dollarlinking/admin/jscripts/tiny_mce/themes/default/images full.gif
107.03.02 04:02 B C:\Documents and Settings\Naveen\Desktop\dollarlinking\dollarlinking\admin\jscripts\tiny_mce\themes\default\images\help.gif <-- Greymine /public_html/dollarlinking/admin/jscripts/tiny_mce/themes/default/images help.gif
107.03.02 04:02 B C:\Documents and Settings\Naveen\Desktop\dollarlinking\dollarlinking\admin\jscripts\tiny_mce\themes\default\images\image.gif <-- Greymine /public_html/dollarlinking/admin/jscripts/tiny_mce/themes/default/images image.gif
107.03.02 04:02 B C:\Documents and Settings\Naveen\Desktop\dollarlinking\dollarlinking\admin\jscripts\tiny_mce\themes\default\images\indent.gif <-- Greymine /public_html/dollarlinking/admin/jscripts/tiny_mce/themes/default/images indent.gif
107.03.02 04:02 B C:\Documents and Settings\Naveen\Desktop\dollarlinking\dollarlinking\admin\jscripts\tiny_mce\themes\default\images\italic.gif <-- Greymine /public_html/dollarlinking/admin/jscripts/tiny_mce/themes/default/images italic.gif
107.03.02 04:02 B C:\Documents and Settings\Naveen\Desktop\dollarlinking\dollarlinking\admin\jscripts\tiny_mce\themes\default\images\italic_de_se.gif <-- Greymine /public_html/dollarlinking/admin/jscripts/tiny_mce/themes/default/images italic_de_se.gif
107.03.02 04:02 B C:\Documents and Settings\Naveen\Desktop\dollarlinking\dollarlinking\admin\jscripts\tiny_mce\themes\default\images\italic_ru.gif <-- Greymine /public_html/dollarlinking/admin/jscripts/tiny_mce/themes/default/images italic_ru.gif
107.03.02 04:02 B C:\Documents and Settings\Naveen\Desktop\dollarlinking\dollarlinking\admin\jscripts\tiny_mce\themes\default\images\left.gif <-- Greymine /public_html/dollarlinking/admin/jscripts/tiny_mce/themes/default/images left.gif
107.03.02 04:02 B C:\Documents and Settings\Naveen\Desktop\dollarlinking\dollarlinking\admin\jscripts\tiny_mce\themes\default\images\link.gif <-- Greymine /public_html/dollarlinking/admin/jscripts/tiny_mce/themes/default/images link.gif
107.03.02 04:02 B C:\Documents and Settings\Naveen\Desktop\dollarlinking\dollarlinking\admin\jscripts\tiny_mce\themes\default\images\numlist.gif <-- Greymine /public_html/dollarlinking/admin/jscripts/tiny_mce/themes/default/images numlist.gif
107.03.02 04:02 B C:\Documents and Settings\Naveen\Desktop\dollarlinking\dollarlinking\admin\jscripts\tiny_mce\themes\default\images\outdent.gif <-- Greymine /public_html/dollarlinking/admin/jscripts/tiny_mce/themes/default/images outdent.gif
107.03.02 04:02 B C:\Documents and Settings\Naveen\Desktop\dollarlinking\dollarlinking\admin\jscripts\tiny_mce\themes\default\images\paste.gif <-- Greymine /public_html/dollarlinking/admin/jscripts/tiny_mce/themes/default/images paste.gif
107.03.02 04:02 B C:\Documents and Settings\Naveen\Desktop\dollarlinking\dollarlinking\admin\jscripts\tiny_mce\themes\default\images\redo.gif <-- Greymine /public_html/dollarlinking/admin/jscripts/tiny_mce/themes/default/images redo.gif
107.03.02 04:02 B C:\Documents and Settings\Naveen\Desktop\dollarlinking\dollarlinking\admin\jscripts\tiny_mce\themes\default\images\right.gif <-- Greymine /public_html/dollarlinking/admin/jscripts/tiny_mce/themes/default/images right.gif
107.03.02 04:02 B C:\Documents and Settings\Naveen\Desktop\dollarlinking\dollarlinking\admin\jscripts\tiny_mce\themes\default\images\spacer.gif <-- Greymine /public_html/dollarlinking/admin/jscripts/tiny_mce/themes/default/images spacer.gif
107.03.02 04:02 B C:\Documents and Settings\Naveen\Desktop\dollarlinking\dollarlinking\admin\jscripts\tiny_mce\themes\default\images\strikethrough.gif <-- Greymine /public_html/dollarlinking/admin/jscripts/tiny_mce/themes/default/images strikethrough.gif
107.03.02 04:02 B C:\Documents and Settings\Naveen\Desktop\dollarlinking\dollarlinking\admin\jscripts\tiny_mce\themes\default\images\underline.gif <-- Greymine /public_html/dollarlinking/admin/jscripts/tiny_mce/themes/default/images underline.gif
107.03.02 04:02 B C:\Documents and Settings\Naveen\Desktop\dollarlinking\dollarlinking\admin\jscripts\tiny_mce\themes\default\images\underline_ru.gif <-- Greymine /public_html/dollarlinking/admin/jscripts/tiny_mce/themes/default/images underline_ru.gif
107.03.02 04:02 B C:\Documents and Settings\Naveen\Desktop\dollarlinking\dollarlinking\admin\jscripts\tiny_mce\themes\default\images\undo.gif <-- Greymine /public_html/dollarlinking/admin/jscripts/tiny_mce/themes/default/images undo.gif
107.03.02 04:02 B C:\Documents and Settings\Naveen\Desktop\dollarlinking\dollarlinking\admin\jscripts\tiny_mce\themes\default\images\unlink.gif <-- Greymine /public_html/dollarlinking/admin/jscripts/tiny_mce/themes/default/images unlink.gif
